<?xml version="1.0" encoding="UTF-8"?>
<testsuite xmlns:xsi="http://www.w3.org/2001/XMLSchema-instance" xsi:noNamespaceSchemaLocation="https://maven.apache.org/surefire/maven-surefire-plugin/xsd/surefire-test-report.xsd" name="com.gem.xmgc.service.PaperServiceImplTest" time="0.45" tests="8" errors="3" skipped="0" failures="0">
  <properties>
    <property name="sun.desktop" value="windows"/>
    <property name="awt.toolkit" value="sun.awt.windows.WToolkit"/>
    <property name="java.specification.version" value="11"/>
    <property name="sun.cpu.isalist" value="amd64"/>
    <property name="sun.jnu.encoding" value="GBK"/>
    <property name="java.class.path" value="C:\Users\90479\Desktop\xmgc1\xmgc\target\test-classes;C:\Users\90479\Desktop\xmgc1\xmgc\target\classes;D:\repo\org\springframework\boot\spring-boot-starter-thymeleaf\2.1.9.RELEASE\spring-boot-starter-thymeleaf-2.1.9.RELEASE.jar;D:\repo\org\springframework\boot\spring-boot-starter\2.1.9.RELEASE\spring-boot-starter-2.1.9.RELEASE.jar;D:\repo\org\springframework\boot\spring-boot-starter-logging\2.1.9.RELEASE\spring-boot-starter-logging-2.1.9.RELEASE.jar;D:\repo\ch\qos\logback\logback-classic\1.2.3\logback-classic-1.2.3.jar;D:\repo\ch\qos\logback\logback-core\1.2.3\logback-core-1.2.3.jar;D:\repo\org\apache\logging\log4j\log4j-to-slf4j\2.11.2\log4j-to-slf4j-2.11.2.jar;D:\repo\org\apache\logging\log4j\log4j-api\2.11.2\log4j-api-2.11.2.jar;D:\repo\org\slf4j\jul-to-slf4j\1.7.28\jul-to-slf4j-1.7.28.jar;D:\repo\javax\annotation\javax.annotation-api\1.3.2\javax.annotation-api-1.3.2.jar;D:\repo\org\yaml\snakeyaml\1.23\snakeyaml-1.23.jar;D:\repo\org\thymeleaf\thymeleaf-spring5\3.0.11.RELEASE\thymeleaf-spring5-3.0.11.RELEASE.jar;D:\repo\org\thymeleaf\thymeleaf\3.0.11.RELEASE\thymeleaf-3.0.11.RELEASE.jar;D:\repo\org\attoparser\attoparser\2.0.5.RELEASE\attoparser-2.0.5.RELEASE.jar;D:\repo\org\unbescape\unbescape\1.1.6.RELEASE\unbescape-1.1.6.RELEASE.jar;D:\repo\org\thymeleaf\extras\thymeleaf-extras-java8time\3.0.4.RELEASE\thymeleaf-extras-java8time-3.0.4.RELEASE.jar;D:\repo\org\springframework\boot\spring-boot-starter-web\2.1.9.RELEASE\spring-boot-starter-web-2.1.9.RELEASE.jar;D:\repo\org\springframework\boot\spring-boot-starter-json\2.1.9.RELEASE\spring-boot-starter-json-2.1.9.RELEASE.jar;D:\repo\com\fasterxml\jackson\core\jackson-databind\2.9.9.3\jackson-databind-2.9.9.3.jar;D:\repo\com\fasterxml\jackson\core\jackson-annotations\2.9.0\jackson-annotations-2.9.0.jar;D:\repo\com\fasterxml\jackson\core\jackson-core\2.9.9\jackson-core-2.9.9.jar;D:\repo\com\fasterxml\jackson\datatype\jackson-datatype-jdk8\2.9.9\jackson-datatype-jdk8-2.9.9.jar;D:\repo\com\fasterxml\jackson\datatype\jackson-datatype-jsr310\2.9.9\jackson-datatype-jsr310-2.9.9.jar;D:\repo\com\fasterxml\jackson\module\jackson-module-parameter-names\2.9.9\jackson-module-parameter-names-2.9.9.jar;D:\repo\org\springframework\boot\spring-boot-starter-tomcat\2.1.9.RELEASE\spring-boot-starter-tomcat-2.1.9.RELEASE.jar;D:\repo\org\apache\tomcat\embed\tomcat-embed-core\9.0.26\tomcat-embed-core-9.0.26.jar;D:\repo\org\apache\tomcat\embed\tomcat-embed-el\9.0.26\tomcat-embed-el-9.0.26.jar;D:\repo\org\apache\tomcat\embed\tomcat-embed-websocket\9.0.26\tomcat-embed-websocket-9.0.26.jar;D:\repo\org\hibernate\validator\hibernate-validator\6.0.17.Final\hibernate-validator-6.0.17.Final.jar;D:\repo\org\jboss\logging\jboss-logging\3.3.3.Final\jboss-logging-3.3.3.Final.jar;D:\repo\com\fasterxml\classmate\1.4.0\classmate-1.4.0.jar;D:\repo\org\springframework\spring-web\5.1.10.RELEASE\spring-web-5.1.10.RELEASE.jar;D:\repo\org\springframework\spring-webmvc\5.1.10.RELEASE\spring-webmvc-5.1.10.RELEASE.jar;D:\repo\org\springframework\spring-aop\5.1.10.RELEASE\spring-aop-5.1.10.RELEASE.jar;D:\repo\org\springframework\spring-expression\5.1.10.RELEASE\spring-expression-5.1.10.RELEASE.jar;D:\repo\org\springframework\boot\spring-boot-devtools\2.1.9.RELEASE\spring-boot-devtools-2.1.9.RELEASE.jar;D:\repo\org\springframework\boot\spring-boot\2.1.9.RELEASE\spring-boot-2.1.9.RELEASE.jar;D:\repo\org\springframework\boot\spring-boot-autoconfigure\2.1.9.RELEASE\spring-boot-autoconfigure-2.1.9.RELEASE.jar;D:\repo\mysql\mysql-connector-java\8.0.17\mysql-connector-java-8.0.17.jar;D:\repo\org\projectlombok\lombok\1.18.10\lombok-1.18.10.jar;D:\repo\org\springframework\boot\spring-boot-starter-test\2.1.9.RELEASE\spring-boot-starter-test-2.1.9.RELEASE.jar;D:\repo\org\springframework\boot\spring-boot-test\2.1.9.RELEASE\spring-boot-test-2.1.9.RELEASE.jar;D:\repo\org\springframework\boot\spring-boot-test-autoconfigure\2.1.9.RELEASE\spring-boot-test-autoconfigure-2.1.9.RELEASE.jar;D:\repo\com\jayway\jsonpath\json-path\2.4.0\json-path-2.4.0.jar;D:\repo\net\minidev\json-smart\2.3\json-smart-2.3.jar;D:\repo\net\minidev\accessors-smart\1.2\accessors-smart-1.2.jar;D:\repo\org\ow2\asm\asm\5.0.4\asm-5.0.4.jar;D:\repo\junit\junit\4.12\junit-4.12.jar;D:\repo\org\assertj\assertj-core\3.11.1\assertj-core-3.11.1.jar;D:\repo\org\mockito\mockito-core\2.23.4\mockito-core-2.23.4.jar;D:\repo\net\bytebuddy\byte-buddy\1.9.16\byte-buddy-1.9.16.jar;D:\repo\net\bytebuddy\byte-buddy-agent\1.9.16\byte-buddy-agent-1.9.16.jar;D:\repo\org\objenesis\objenesis\2.6\objenesis-2.6.jar;D:\repo\org\hamcrest\hamcrest-core\1.3\hamcrest-core-1.3.jar;D:\repo\org\hamcrest\hamcrest-library\1.3\hamcrest-library-1.3.jar;D:\repo\org\skyscreamer\jsonassert\1.5.0\jsonassert-1.5.0.jar;D:\repo\com\vaadin\external\google\android-json\0.0.20131108.vaadin1\android-json-0.0.20131108.vaadin1.jar;D:\repo\org\springframework\spring-core\5.1.10.RELEASE\spring-core-5.1.10.RELEASE.jar;D:\repo\org\springframework\spring-jcl\5.1.10.RELEASE\spring-jcl-5.1.10.RELEASE.jar;D:\repo\org\springframework\spring-test\5.1.10.RELEASE\spring-test-5.1.10.RELEASE.jar;D:\repo\org\xmlunit\xmlunit-core\2.6.3\xmlunit-core-2.6.3.jar;D:\repo\javax\xml\bind\jaxb-api\2.3.1\jaxb-api-2.3.1.jar;D:\repo\javax\activation\javax.activation-api\1.2.0\javax.activation-api-1.2.0.jar;D:\repo\com\baomidou\mybatis-plus-boot-starter\3.2.0\mybatis-plus-boot-starter-3.2.0.jar;D:\repo\com\baomidou\mybatis-plus\3.2.0\mybatis-plus-3.2.0.jar;D:\repo\com\baomidou\mybatis-plus-extension\3.2.0\mybatis-plus-extension-3.2.0.jar;D:\repo\com\baomidou\mybatis-plus-core\3.2.0\mybatis-plus-core-3.2.0.jar;D:\repo\com\baomidou\mybatis-plus-annotation\3.2.0\mybatis-plus-annotation-3.2.0.jar;D:\repo\com\github\jsqlparser\jsqlparser\2.1\jsqlparser-2.1.jar;D:\repo\org\mybatis\mybatis\3.5.2\mybatis-3.5.2.jar;D:\repo\org\mybatis\mybatis-spring\2.0.2\mybatis-spring-2.0.2.jar;D:\repo\org\springframework\boot\spring-boot-starter-jdbc\2.1.9.RELEASE\spring-boot-starter-jdbc-2.1.9.RELEASE.jar;D:\repo\com\zaxxer\HikariCP\3.2.0\HikariCP-3.2.0.jar;D:\repo\org\springframework\spring-jdbc\5.1.10.RELEASE\spring-jdbc-5.1.10.RELEASE.jar;D:\repo\org\springframework\spring-tx\5.1.10.RELEASE\spring-tx-5.1.10.RELEASE.jar;D:\repo\p6spy\p6spy\3.8.5\p6spy-3.8.5.jar;D:\repo\cn\afterturn\easypoi-base\4.1.2\easypoi-base-4.1.2.jar;D:\repo\org\apache\poi\poi\4.1.0\poi-4.1.0.jar;D:\repo\commons-codec\commons-codec\1.11\commons-codec-1.11.jar;D:\repo\org\apache\commons\commons-collections4\4.3\commons-collections4-4.3.jar;D:\repo\org\apache\commons\commons-math3\3.6.1\commons-math3-3.6.1.jar;D:\repo\org\apache\poi\poi-ooxml\4.1.0\poi-ooxml-4.1.0.jar;D:\repo\org\apache\commons\commons-compress\1.18\commons-compress-1.18.jar;D:\repo\com\github\virtuald\curvesapi\1.06\curvesapi-1.06.jar;D:\repo\org\apache\poi\poi-ooxml-schemas\4.1.0\poi-ooxml-schemas-4.1.0.jar;D:\repo\org\apache\xmlbeans\xmlbeans\3.1.0\xmlbeans-3.1.0.jar;D:\repo\com\google\guava\guava\16.0.1\guava-16.0.1.jar;D:\repo\org\apache\commons\commons-lang3\3.8.1\commons-lang3-3.8.1.jar;D:\repo\ognl\ognl\3.2.6\ognl-3.2.6.jar;D:\repo\org\javassist\javassist\3.20.0-GA\javassist-3.20.0-GA.jar;D:\repo\org\slf4j\slf4j-api\1.7.28\slf4j-api-1.7.28.jar;D:\repo\javax\validation\validation-api\2.0.1.Final\validation-api-2.0.1.Final.jar;D:\repo\cn\afterturn\easypoi-annotation\4.1.2\easypoi-annotation-4.1.2.jar;D:\repo\cn\afterturn\easypoi-web\4.1.2\easypoi-web-4.1.2.jar;D:\repo\org\springframework\spring-context\5.1.10.RELEASE\spring-context-5.1.10.RELEASE.jar;D:\repo\org\springframework\spring-beans\5.1.10.RELEASE\spring-beans-5.1.10.RELEASE.jar;"/>
    <property name="java.vm.vendor" value="Oracle Corporation"/>
    <property name="sun.arch.data.model" value="64"/>
    <property name="user.variant" value=""/>
    <property name="java.vendor.url" value="http://java.oracle.com/"/>
    <property name="user.timezone" value="Asia/Shanghai"/>
    <property name="java.vm.specification.version" value="11"/>
    <property name="os.name" value="Windows 10"/>
    <property name="sun.java.launcher" value="SUN_STANDARD"/>
    <property name="user.country" value="CN"/>
    <property name="sun.boot.library.path" value="C:\Program Files\Java\jdk-11.0.2\bin"/>
    <property name="sun.java.command" value="C:\Users\90479\AppData\Local\Temp\surefire6051141338973249433\surefirebooter6273744844733947441.jar C:\Users\90479\AppData\Local\Temp\surefire6051141338973249433 2019-11-10T15-51-26_193-jvmRun1 surefire10349887001588799312tmp surefire_017922315526458557058tmp"/>
    <property name="jdk.debug" value="release"/>
    <property name="surefire.test.class.path" value="C:\Users\90479\Desktop\xmgc1\xmgc\target\test-classes;C:\Users\90479\Desktop\xmgc1\xmgc\target\classes;D:\repo\org\springframework\boot\spring-boot-starter-thymeleaf\2.1.9.RELEASE\spring-boot-starter-thymeleaf-2.1.9.RELEASE.jar;D:\repo\org\springframework\boot\spring-boot-starter\2.1.9.RELEASE\spring-boot-starter-2.1.9.RELEASE.jar;D:\repo\org\springframework\boot\spring-boot-starter-logging\2.1.9.RELEASE\spring-boot-starter-logging-2.1.9.RELEASE.jar;D:\repo\ch\qos\logback\logback-classic\1.2.3\logback-classic-1.2.3.jar;D:\repo\ch\qos\logback\logback-core\1.2.3\logback-core-1.2.3.jar;D:\repo\org\apache\logging\log4j\log4j-to-slf4j\2.11.2\log4j-to-slf4j-2.11.2.jar;D:\repo\org\apache\logging\log4j\log4j-api\2.11.2\log4j-api-2.11.2.jar;D:\repo\org\slf4j\jul-to-slf4j\1.7.28\jul-to-slf4j-1.7.28.jar;D:\repo\javax\annotation\javax.annotation-api\1.3.2\javax.annotation-api-1.3.2.jar;D:\repo\org\yaml\snakeyaml\1.23\snakeyaml-1.23.jar;D:\repo\org\thymeleaf\thymeleaf-spring5\3.0.11.RELEASE\thymeleaf-spring5-3.0.11.RELEASE.jar;D:\repo\org\thymeleaf\thymeleaf\3.0.11.RELEASE\thymeleaf-3.0.11.RELEASE.jar;D:\repo\org\attoparser\attoparser\2.0.5.RELEASE\attoparser-2.0.5.RELEASE.jar;D:\repo\org\unbescape\unbescape\1.1.6.RELEASE\unbescape-1.1.6.RELEASE.jar;D:\repo\org\thymeleaf\extras\thymeleaf-extras-java8time\3.0.4.RELEASE\thymeleaf-extras-java8time-3.0.4.RELEASE.jar;D:\repo\org\springframework\boot\spring-boot-starter-web\2.1.9.RELEASE\spring-boot-starter-web-2.1.9.RELEASE.jar;D:\repo\org\springframework\boot\spring-boot-starter-json\2.1.9.RELEASE\spring-boot-starter-json-2.1.9.RELEASE.jar;D:\repo\com\fasterxml\jackson\core\jackson-databind\2.9.9.3\jackson-databind-2.9.9.3.jar;D:\repo\com\fasterxml\jackson\core\jackson-annotations\2.9.0\jackson-annotations-2.9.0.jar;D:\repo\com\fasterxml\jackson\core\jackson-core\2.9.9\jackson-core-2.9.9.jar;D:\repo\com\fasterxml\jackson\datatype\jackson-datatype-jdk8\2.9.9\jackson-datatype-jdk8-2.9.9.jar;D:\repo\com\fasterxml\jackson\datatype\jackson-datatype-jsr310\2.9.9\jackson-datatype-jsr310-2.9.9.jar;D:\repo\com\fasterxml\jackson\module\jackson-module-parameter-names\2.9.9\jackson-module-parameter-names-2.9.9.jar;D:\repo\org\springframework\boot\spring-boot-starter-tomcat\2.1.9.RELEASE\spring-boot-starter-tomcat-2.1.9.RELEASE.jar;D:\repo\org\apache\tomcat\embed\tomcat-embed-core\9.0.26\tomcat-embed-core-9.0.26.jar;D:\repo\org\apache\tomcat\embed\tomcat-embed-el\9.0.26\tomcat-embed-el-9.0.26.jar;D:\repo\org\apache\tomcat\embed\tomcat-embed-websocket\9.0.26\tomcat-embed-websocket-9.0.26.jar;D:\repo\org\hibernate\validator\hibernate-validator\6.0.17.Final\hibernate-validator-6.0.17.Final.jar;D:\repo\org\jboss\logging\jboss-logging\3.3.3.Final\jboss-logging-3.3.3.Final.jar;D:\repo\com\fasterxml\classmate\1.4.0\classmate-1.4.0.jar;D:\repo\org\springframework\spring-web\5.1.10.RELEASE\spring-web-5.1.10.RELEASE.jar;D:\repo\org\springframework\spring-webmvc\5.1.10.RELEASE\spring-webmvc-5.1.10.RELEASE.jar;D:\repo\org\springframework\spring-aop\5.1.10.RELEASE\spring-aop-5.1.10.RELEASE.jar;D:\repo\org\springframework\spring-expression\5.1.10.RELEASE\spring-expression-5.1.10.RELEASE.jar;D:\repo\org\springframework\boot\spring-boot-devtools\2.1.9.RELEASE\spring-boot-devtools-2.1.9.RELEASE.jar;D:\repo\org\springframework\boot\spring-boot\2.1.9.RELEASE\spring-boot-2.1.9.RELEASE.jar;D:\repo\org\springframework\boot\spring-boot-autoconfigure\2.1.9.RELEASE\spring-boot-autoconfigure-2.1.9.RELEASE.jar;D:\repo\mysql\mysql-connector-java\8.0.17\mysql-connector-java-8.0.17.jar;D:\repo\org\projectlombok\lombok\1.18.10\lombok-1.18.10.jar;D:\repo\org\springframework\boot\spring-boot-starter-test\2.1.9.RELEASE\spring-boot-starter-test-2.1.9.RELEASE.jar;D:\repo\org\springframework\boot\spring-boot-test\2.1.9.RELEASE\spring-boot-test-2.1.9.RELEASE.jar;D:\repo\org\springframework\boot\spring-boot-test-autoconfigure\2.1.9.RELEASE\spring-boot-test-autoconfigure-2.1.9.RELEASE.jar;D:\repo\com\jayway\jsonpath\json-path\2.4.0\json-path-2.4.0.jar;D:\repo\net\minidev\json-smart\2.3\json-smart-2.3.jar;D:\repo\net\minidev\accessors-smart\1.2\accessors-smart-1.2.jar;D:\repo\org\ow2\asm\asm\5.0.4\asm-5.0.4.jar;D:\repo\junit\junit\4.12\junit-4.12.jar;D:\repo\org\assertj\assertj-core\3.11.1\assertj-core-3.11.1.jar;D:\repo\org\mockito\mockito-core\2.23.4\mockito-core-2.23.4.jar;D:\repo\net\bytebuddy\byte-buddy\1.9.16\byte-buddy-1.9.16.jar;D:\repo\net\bytebuddy\byte-buddy-agent\1.9.16\byte-buddy-agent-1.9.16.jar;D:\repo\org\objenesis\objenesis\2.6\objenesis-2.6.jar;D:\repo\org\hamcrest\hamcrest-core\1.3\hamcrest-core-1.3.jar;D:\repo\org\hamcrest\hamcrest-library\1.3\hamcrest-library-1.3.jar;D:\repo\org\skyscreamer\jsonassert\1.5.0\jsonassert-1.5.0.jar;D:\repo\com\vaadin\external\google\android-json\0.0.20131108.vaadin1\android-json-0.0.20131108.vaadin1.jar;D:\repo\org\springframework\spring-core\5.1.10.RELEASE\spring-core-5.1.10.RELEASE.jar;D:\repo\org\springframework\spring-jcl\5.1.10.RELEASE\spring-jcl-5.1.10.RELEASE.jar;D:\repo\org\springframework\spring-test\5.1.10.RELEASE\spring-test-5.1.10.RELEASE.jar;D:\repo\org\xmlunit\xmlunit-core\2.6.3\xmlunit-core-2.6.3.jar;D:\repo\javax\xml\bind\jaxb-api\2.3.1\jaxb-api-2.3.1.jar;D:\repo\javax\activation\javax.activation-api\1.2.0\javax.activation-api-1.2.0.jar;D:\repo\com\baomidou\mybatis-plus-boot-starter\3.2.0\mybatis-plus-boot-starter-3.2.0.jar;D:\repo\com\baomidou\mybatis-plus\3.2.0\mybatis-plus-3.2.0.jar;D:\repo\com\baomidou\mybatis-plus-extension\3.2.0\mybatis-plus-extension-3.2.0.jar;D:\repo\com\baomidou\mybatis-plus-core\3.2.0\mybatis-plus-core-3.2.0.jar;D:\repo\com\baomidou\mybatis-plus-annotation\3.2.0\mybatis-plus-annotation-3.2.0.jar;D:\repo\com\github\jsqlparser\jsqlparser\2.1\jsqlparser-2.1.jar;D:\repo\org\mybatis\mybatis\3.5.2\mybatis-3.5.2.jar;D:\repo\org\mybatis\mybatis-spring\2.0.2\mybatis-spring-2.0.2.jar;D:\repo\org\springframework\boot\spring-boot-starter-jdbc\2.1.9.RELEASE\spring-boot-starter-jdbc-2.1.9.RELEASE.jar;D:\repo\com\zaxxer\HikariCP\3.2.0\HikariCP-3.2.0.jar;D:\repo\org\springframework\spring-jdbc\5.1.10.RELEASE\spring-jdbc-5.1.10.RELEASE.jar;D:\repo\org\springframework\spring-tx\5.1.10.RELEASE\spring-tx-5.1.10.RELEASE.jar;D:\repo\p6spy\p6spy\3.8.5\p6spy-3.8.5.jar;D:\repo\cn\afterturn\easypoi-base\4.1.2\easypoi-base-4.1.2.jar;D:\repo\org\apache\poi\poi\4.1.0\poi-4.1.0.jar;D:\repo\commons-codec\commons-codec\1.11\commons-codec-1.11.jar;D:\repo\org\apache\commons\commons-collections4\4.3\commons-collections4-4.3.jar;D:\repo\org\apache\commons\commons-math3\3.6.1\commons-math3-3.6.1.jar;D:\repo\org\apache\poi\poi-ooxml\4.1.0\poi-ooxml-4.1.0.jar;D:\repo\org\apache\commons\commons-compress\1.18\commons-compress-1.18.jar;D:\repo\com\github\virtuald\curvesapi\1.06\curvesapi-1.06.jar;D:\repo\org\apache\poi\poi-ooxml-schemas\4.1.0\poi-ooxml-schemas-4.1.0.jar;D:\repo\org\apache\xmlbeans\xmlbeans\3.1.0\xmlbeans-3.1.0.jar;D:\repo\com\google\guava\guava\16.0.1\guava-16.0.1.jar;D:\repo\org\apache\commons\commons-lang3\3.8.1\commons-lang3-3.8.1.jar;D:\repo\ognl\ognl\3.2.6\ognl-3.2.6.jar;D:\repo\org\javassist\javassist\3.20.0-GA\javassist-3.20.0-GA.jar;D:\repo\org\slf4j\slf4j-api\1.7.28\slf4j-api-1.7.28.jar;D:\repo\javax\validation\validation-api\2.0.1.Final\validation-api-2.0.1.Final.jar;D:\repo\cn\afterturn\easypoi-annotation\4.1.2\easypoi-annotation-4.1.2.jar;D:\repo\cn\afterturn\easypoi-web\4.1.2\easypoi-web-4.1.2.jar;D:\repo\org\springframework\spring-context\5.1.10.RELEASE\spring-context-5.1.10.RELEASE.jar;D:\repo\org\springframework\spring-beans\5.1.10.RELEASE\spring-beans-5.1.10.RELEASE.jar;"/>
    <property name="sun.cpu.endian" value="little"/>
    <property name="user.home" value="C:\Users\90479"/>
    <property name="user.language" value="zh"/>
    <property name="java.specification.vendor" value="Oracle Corporation"/>
    <property name="java.version.date" value="2019-01-15"/>
    <property name="java.home" value="C:\Program Files\Java\jdk-11.0.2"/>
    <property name="file.separator" value="\"/>
    <property name="basedir" value="C:\Users\90479\Desktop\xmgc1\xmgc"/>
    <property name="java.vm.compressedOopsMode" value="Zero based"/>
    <property name="line.separator" value="&#10;"/>
    <property name="java.specification.name" value="Java Platform API Specification"/>
    <property name="java.vm.specification.vendor" value="Oracle Corporation"/>
    <property name="java.awt.graphicsenv" value="sun.awt.Win32GraphicsEnvironment"/>
    <property name="surefire.real.class.path" value="C:\Users\90479\AppData\Local\Temp\surefire6051141338973249433\surefirebooter6273744844733947441.jar"/>
    <property name="user.script" value=""/>
    <property name="sun.management.compiler" value="HotSpot 64-Bit Tiered Compilers"/>
    <property name="java.runtime.version" value="11.0.2+9-LTS"/>
    <property name="user.name" value="90479"/>
    <property name="path.separator" value=";"/>
    <property name="os.version" value="10.0"/>
    <property name="java.runtime.name" value="Java(TM) SE Runtime Environment"/>
    <property name="file.encoding" value="GBK"/>
    <property name="java.vm.name" value="Java HotSpot(TM) 64-Bit Server VM"/>
    <property name="java.vendor.version" value="18.9"/>
    <property name="localRepository" value="D:\repo"/>
    <property name="java.vendor.url.bug" value="http://bugreport.java.com/bugreport/"/>
    <property name="java.io.tmpdir" value="C:\Users\90479\AppData\Local\Temp\"/>
    <property name="java.version" value="11.0.2"/>
    <property name="user.dir" value="C:\Users\90479\Desktop\xmgc1\xmgc"/>
    <property name="os.arch" value="amd64"/>
    <property name="java.vm.specification.name" value="Java Virtual Machine Specification"/>
    <property name="java.awt.printerjob" value="sun.awt.windows.WPrinterJob"/>
    <property name="idea.version2019.1.3" value="true"/>
    <property name="sun.os.patch.level" value=""/>
    <property name="java.library.path" value="C:\Program Files\Java\jdk-11.0.2\bin;C:\WINDOWS\Sun\Java\bin;C:\WINDOWS\system32;C:\WINDOWS;C:\Windows\system32;C:\Windows;C:\Windows\System32\Wbem;C:\Windows\System32\WindowsPowerShell\v1.0\;C:\Windows\System32\OpenSSH\;C:\Program Files (x86)\NVIDIA Corporation\PhysX\Common;C:\WINDOWS\system32;C:\WINDOWS;C:\WINDOWS\System32\Wbem;C:\WINDOWS\System32\WindowsPowerShell\v1.0\;C:\WINDOWS\System32\OpenSSH\;C:\Program Files\Java\jdk-11.0.2\bin;D:\Maven\apache-maven-3.5.4\bin;C:\Program Files\MySQL\MySQL Server 8.0\bin;C:\Program Files\Redis\;C:\Program Files\Redis;C:\Program Files\Git\cmd;C:\Users\90479\AppData\Local\Microsoft\WindowsApps;;."/>
    <property name="java.vendor" value="Oracle Corporation"/>
    <property name="java.vm.info" value="mixed mode"/>
    <property name="java.vm.version" value="11.0.2+9-LTS"/>
    <property name="sun.io.unicode.encoding" value="UnicodeLittle"/>
    <property name="java.class.version" value="55.0"/>
  </properties>
  <testcase name="removePaperDetailById" classname="com.gem.xmgc.service.PaperServiceImplTest" time="0.035"/>
  <testcase name="editPaper" classname="com.gem.xmgc.service.PaperServiceImplTest" time="0.036"/>
  <testcase name="findPaperByClassIdTest" classname="com.gem.xmgc.service.PaperServiceImplTest" time="0.049">
    <error message="nested exception is org.apache.ibatis.exceptions.PersistenceException: &#10;### Error querying database.  Cause: com.baomidou.mybatisplus.core.exceptions.MybatisPlusException: Error: Method queryTotal execution error of sql : &#10; SELECT COUNT(1) FROM ( SELECT u.*, p.p_name FROM usepaper u JOIN paperinfo p JOIN class c WHERE u.statu = 0 GROUP BY u.id ) TOTAL &#10;&#10;### The error may exist in file [C:\Users\90479\Desktop\xmgc1\xmgc\target\classes\com\gem\xmgc\mapper\UsePaperMapper.xml]&#10;### The error may involve defaultParameterMap&#10;### The error occurred while setting parameters&#10;### Cause: com.baomidou.mybatisplus.core.exceptions.MybatisPlusException: Error: Method queryTotal execution error of sql : &#10; SELECT COUNT(1) FROM ( SELECT u.*, p.p_name FROM usepaper u JOIN paperinfo p JOIN class c WHERE u.statu = 0 GROUP BY u.id ) TOTAL &#10;" type="org.mybatis.spring.MyBatisSystemException">org.mybatis.spring.MyBatisSystemException: 
nested exception is org.apache.ibatis.exceptions.PersistenceException: 
### Error querying database.  Cause: com.baomidou.mybatisplus.core.exceptions.MybatisPlusException: Error: Method queryTotal execution error of sql : 
 SELECT COUNT(1) FROM ( SELECT u.*, p.p_name FROM usepaper u JOIN paperinfo p JOIN class c WHERE u.statu = 0 GROUP BY u.id ) TOTAL 

### The error may exist in file [C:\Users\90479\Desktop\xmgc1\xmgc\target\classes\com\gem\xmgc\mapper\UsePaperMapper.xml]
### The error may involve defaultParameterMap
### The error occurred while setting parameters
### Cause: com.baomidou.mybatisplus.core.exceptions.MybatisPlusException: Error: Method queryTotal execution error of sql : 
 SELECT COUNT(1) FROM ( SELECT u.*, p.p_name FROM usepaper u JOIN paperinfo p JOIN class c WHERE u.statu = 0 GROUP BY u.id ) TOTAL 

	at com.gem.xmgc.service.PaperServiceImplTest.findPaperByClassIdTest(PaperServiceImplTest.java:28)
Caused by: org.apache.ibatis.exceptions.PersistenceException: 

### Error querying database.  Cause: com.baomidou.mybatisplus.core.exceptions.MybatisPlusException: Error: Method queryTotal execution error of sql : 
 SELECT COUNT(1) FROM ( SELECT u.*, p.p_name FROM usepaper u JOIN paperinfo p JOIN class c WHERE u.statu = 0 GROUP BY u.id ) TOTAL 

### The error may exist in file [C:\Users\90479\Desktop\xmgc1\xmgc\target\classes\com\gem\xmgc\mapper\UsePaperMapper.xml]
### The error may involve defaultParameterMap
### The error occurred while setting parameters
### Cause: com.baomidou.mybatisplus.core.exceptions.MybatisPlusException: Error: Method queryTotal execution error of sql : 
 SELECT COUNT(1) FROM ( SELECT u.*, p.p_name FROM usepaper u JOIN paperinfo p JOIN class c WHERE u.statu = 0 GROUP BY u.id ) TOTAL 

	at com.gem.xmgc.service.PaperServiceImplTest.findPaperByClassIdTest(PaperServiceImplTest.java:28)
Caused by: com.baomidou.mybatisplus.core.exceptions.MybatisPlusException: 
Error: Method queryTotal execution error of sql : 
 SELECT COUNT(1) FROM ( SELECT u.*, p.p_name FROM usepaper u JOIN paperinfo p JOIN class c WHERE u.statu = 0 GROUP BY u.id ) TOTAL 

	at com.gem.xmgc.service.PaperServiceImplTest.findPaperByClassIdTest(PaperServiceImplTest.java:28)
Caused by: java.sql.SQLSyntaxErrorException: Expression #9 of SELECT list is not in GROUP BY clause and contains nonaggregated column 'test1.p.p_name' which is not functionally dependent on columns in GROUP BY clause; this is incompatible with sql_mode=only_full_group_by
	at com.gem.xmgc.service.PaperServiceImplTest.findPaperByClassIdTest(PaperServiceImplTest.java:28)
</error>
    <system-out><![CDATA[DEBUG==>  Preparing: SELECT COUNT(1) FROM ( SELECT u.*, p.p_name FROM usepaper u JOIN paperinfo p JOIN class c WHERE u.statu = 0 GROUP BY u.id ) TOTAL 
DEBUG==> Parameters: 
#1573372301604 | took 29ms | statement | connection 0| url jdbc:p6spy:mysql://112.124.26.47:3306/test1?useSSL=false&serverTimezone=GMT%2B8
SELECT COUNT(1) FROM ( SELECT u.*, p.p_name FROM usepaper u JOIN paperinfo p JOIN class c WHERE u.statu = 0 GROUP BY u.id ) TOTAL
SELECT COUNT(1) FROM ( SELECT u.*, p.p_name FROM usepaper u JOIN paperinfo p JOIN class c WHERE u.statu = 0 GROUP BY u.id ) TOTAL;
]]></system-out>
  </testcase>
  <testcase name="editTitleList" classname="com.gem.xmgc.service.PaperServiceImplTest" time="0.04"/>
  <testcase name="findPaperByDateAndName" classname="com.gem.xmgc.service.PaperServiceImplTest" time="0.033">
    <error message="nested exception is org.apache.ibatis.exceptions.PersistenceException: &#10;### Error querying database.  Cause: com.baomidou.mybatisplus.core.exceptions.MybatisPlusException: Error: Method queryTotal execution error of sql : &#10; SELECT COUNT(1) FROM ( SELECT u.*, p.p_name FROM usepaper u JOIN paperinfo p JOIN class c WHERE u.statu = 0 AND u.c_id = ? AND date_format(u.start_time, &apos;%Y-%m-%d&apos;) = ? GROUP BY u.id ) TOTAL &#10;&#10;### The error may exist in file [C:\Users\90479\Desktop\xmgc1\xmgc\target\classes\com\gem\xmgc\mapper\UsePaperMapper.xml]&#10;### The error may involve defaultParameterMap&#10;### The error occurred while setting parameters&#10;### Cause: com.baomidou.mybatisplus.core.exceptions.MybatisPlusException: Error: Method queryTotal execution error of sql : &#10; SELECT COUNT(1) FROM ( SELECT u.*, p.p_name FROM usepaper u JOIN paperinfo p JOIN class c WHERE u.statu = 0 AND u.c_id = ? AND date_format(u.start_time, &apos;%Y-%m-%d&apos;) = ? GROUP BY u.id ) TOTAL &#10;" type="org.mybatis.spring.MyBatisSystemException">org.mybatis.spring.MyBatisSystemException: 
nested exception is org.apache.ibatis.exceptions.PersistenceException: 
### Error querying database.  Cause: com.baomidou.mybatisplus.core.exceptions.MybatisPlusException: Error: Method queryTotal execution error of sql : 
 SELECT COUNT(1) FROM ( SELECT u.*, p.p_name FROM usepaper u JOIN paperinfo p JOIN class c WHERE u.statu = 0 AND u.c_id = ? AND date_format(u.start_time, '%Y-%m-%d') = ? GROUP BY u.id ) TOTAL 

### The error may exist in file [C:\Users\90479\Desktop\xmgc1\xmgc\target\classes\com\gem\xmgc\mapper\UsePaperMapper.xml]
### The error may involve defaultParameterMap
### The error occurred while setting parameters
### Cause: com.baomidou.mybatisplus.core.exceptions.MybatisPlusException: Error: Method queryTotal execution error of sql : 
 SELECT COUNT(1) FROM ( SELECT u.*, p.p_name FROM usepaper u JOIN paperinfo p JOIN class c WHERE u.statu = 0 AND u.c_id = ? AND date_format(u.start_time, '%Y-%m-%d') = ? GROUP BY u.id ) TOTAL 

	at com.gem.xmgc.service.PaperServiceImplTest.findPaperByDateAndName(PaperServiceImplTest.java:34)
Caused by: org.apache.ibatis.exceptions.PersistenceException: 

### Error querying database.  Cause: com.baomidou.mybatisplus.core.exceptions.MybatisPlusException: Error: Method queryTotal execution error of sql : 
 SELECT COUNT(1) FROM ( SELECT u.*, p.p_name FROM usepaper u JOIN paperinfo p JOIN class c WHERE u.statu = 0 AND u.c_id = ? AND date_format(u.start_time, '%Y-%m-%d') = ? GROUP BY u.id ) TOTAL 

### The error may exist in file [C:\Users\90479\Desktop\xmgc1\xmgc\target\classes\com\gem\xmgc\mapper\UsePaperMapper.xml]
### The error may involve defaultParameterMap
### The error occurred while setting parameters
### Cause: com.baomidou.mybatisplus.core.exceptions.MybatisPlusException: Error: Method queryTotal execution error of sql : 
 SELECT COUNT(1) FROM ( SELECT u.*, p.p_name FROM usepaper u JOIN paperinfo p JOIN class c WHERE u.statu = 0 AND u.c_id = ? AND date_format(u.start_time, '%Y-%m-%d') = ? GROUP BY u.id ) TOTAL 

	at com.gem.xmgc.service.PaperServiceImplTest.findPaperByDateAndName(PaperServiceImplTest.java:34)
Caused by: com.baomidou.mybatisplus.core.exceptions.MybatisPlusException: 
Error: Method queryTotal execution error of sql : 
 SELECT COUNT(1) FROM ( SELECT u.*, p.p_name FROM usepaper u JOIN paperinfo p JOIN class c WHERE u.statu = 0 AND u.c_id = ? AND date_format(u.start_time, '%Y-%m-%d') = ? GROUP BY u.id ) TOTAL 

	at com.gem.xmgc.service.PaperServiceImplTest.findPaperByDateAndName(PaperServiceImplTest.java:34)
Caused by: java.sql.SQLSyntaxErrorException: Expression #9 of SELECT list is not in GROUP BY clause and contains nonaggregated column 'test1.p.p_name' which is not functionally dependent on columns in GROUP BY clause; this is incompatible with sql_mode=only_full_group_by
	at com.gem.xmgc.service.PaperServiceImplTest.findPaperByDateAndName(PaperServiceImplTest.java:34)
</error>
    <system-out><![CDATA[2018-08-03
DEBUG==>  Preparing: SELECT COUNT(1) FROM ( SELECT u.*, p.p_name FROM usepaper u JOIN paperinfo p JOIN class c WHERE u.statu = 0 AND u.c_id = ? AND date_format(u.start_time, '%Y-%m-%d') = ? GROUP BY u.id ) TOTAL 
DEBUG==> Parameters: 22(Long), 2018-08-03(String)
#1573372301685 | took 13ms | statement | connection 0| url jdbc:p6spy:mysql://112.124.26.47:3306/test1?useSSL=false&serverTimezone=GMT%2B8
SELECT COUNT(1) FROM ( SELECT u.*, p.p_name FROM usepaper u JOIN paperinfo p JOIN class c WHERE u.statu = 0 AND u.c_id = ? AND date_format(u.start_time, '%Y-%m-%d') = ? GROUP BY u.id ) TOTAL
SELECT COUNT(1) FROM ( SELECT u.*, p.p_name FROM usepaper u JOIN paperinfo p JOIN class c WHERE u.statu = 0 AND u.c_id = 22 AND date_format(u.start_time, '%Y-%m-%d') = '2018-08-03' GROUP BY u.id ) TOTAL;
]]></system-out>
  </testcase>
  <testcase name="findAllPaperinfoByClassId" classname="com.gem.xmgc.service.PaperServiceImplTest" time="0.006">
    <error message="nested exception is org.apache.ibatis.binding.BindingException: Parameter &apos;time&apos; not found. Available parameters are [page, id, param1, param2]" type="org.mybatis.spring.MyBatisSystemException">org.mybatis.spring.MyBatisSystemException: nested exception is org.apache.ibatis.binding.BindingException: Parameter 'time' not found. Available parameters are [page, id, param1, param2]
	at com.gem.xmgc.service.PaperServiceImplTest.findAllPaperinfoByClassId(PaperServiceImplTest.java:65)
Caused by: org.apache.ibatis.binding.BindingException: Parameter 'time' not found. Available parameters are [page, id, param1, param2]
	at com.gem.xmgc.service.PaperServiceImplTest.findAllPaperinfoByClassId(PaperServiceImplTest.java:65)
</error>
  </testcase>
  <testcase name="findTitleListById" classname="com.gem.xmgc.service.PaperServiceImplTest" time="0.099"/>
  <testcase name="findAllPaperTest" classname="com.gem.xmgc.service.PaperServiceImplTest" time="0.146"/>
</testsuite>